<?xml version="1.0" encoding="UTF-8"?>
<!-- Generated by org.testng.reporters.JUnitReportReporter -->
<testsuite skipped="0" hostname="PH5CG6490L62" name="au.icare.nsw.gov.NewTest" tests="1" failures="0" timestamp="05 Mar 2018 09:00:46 GMT" time="0.094" errors="0">
  <testcase name="verifySearchButton" time="0.094" classname="au.icare.nsw.gov.NewTest"/>
</testsuite> <!-- au.icare.nsw.gov.NewTest -->
